<?xml version="1.0" encoding="UTF-8"?>
<testsuite xmlns:xsi="http://www.w3.org/2001/XMLSchema-instance" xsi:noNamespaceSchemaLocation="https://maven.apache.org/surefire/maven-surefire-plugin/xsd/surefire-test-report-3.0.xsd" version="3.0" name="com.vytrack.runners.TestRunner" time="1.308" tests="11" errors="0" skipped="0" failures="0">
  <properties>
    <property name="java.specification.version" value="14"/>
    <property name="sun.jnu.encoding" value="UTF-8"/>
    <property name="java.class.path" value="/Users/ibrahimdemir/IdeaProjects/CucumberPractice/target/test-classes:/Users/ibrahimdemir/IdeaProjects/CucumberPractice/target/classes:/Users/ibrahimdemir/.m2/repository/io/cucumber/cucumber-java/6.8.2/cucumber-java-6.8.2.jar:/Users/ibrahimdemir/.m2/repository/io/cucumber/cucumber-core/6.8.2/cucumber-core-6.8.2.jar:/Users/ibrahimdemir/.m2/repository/io/cucumber/cucumber-gherkin/6.8.2/cucumber-gherkin-6.8.2.jar:/Users/ibrahimdemir/.m2/repository/io/cucumber/cucumber-gherkin-messages/6.8.2/cucumber-gherkin-messages-6.8.2.jar:/Users/ibrahimdemir/.m2/repository/io/cucumber/messages/13.1.0/messages-13.1.0.jar:/Users/ibrahimdemir/.m2/repository/io/cucumber/tag-expressions/3.0.0/tag-expressions-3.0.0.jar:/Users/ibrahimdemir/.m2/repository/io/cucumber/cucumber-expressions/10.3.0/cucumber-expressions-10.3.0.jar:/Users/ibrahimdemir/.m2/repository/io/cucumber/datatable/3.5.0/datatable-3.5.0.jar:/Users/ibrahimdemir/.m2/repository/io/cucumber/cucumber-plugin/6.8.2/cucumber-plugin-6.8.2.jar:/Users/ibrahimdemir/.m2/repository/io/cucumber/docstring/6.8.2/docstring-6.8.2.jar:/Users/ibrahimdemir/.m2/repository/io/cucumber/html-formatter/9.0.0/html-formatter-9.0.0.jar:/Users/ibrahimdemir/.m2/repository/io/cucumber/create-meta/2.0.4/create-meta-2.0.4.jar:/Users/ibrahimdemir/.m2/repository/org/apiguardian/apiguardian-api/1.1.0/apiguardian-api-1.1.0.jar:/Users/ibrahimdemir/.m2/repository/io/cucumber/cucumber-junit/6.8.2/cucumber-junit-6.8.2.jar:/Users/ibrahimdemir/.m2/repository/junit/junit/4.13.1/junit-4.13.1.jar:/Users/ibrahimdemir/.m2/repository/org/hamcrest/hamcrest-core/1.3/hamcrest-core-1.3.jar:/Users/ibrahimdemir/.m2/repository/org/seleniumhq/selenium/selenium-java/3.141.59/selenium-java-3.141.59.jar:/Users/ibrahimdemir/.m2/repository/org/seleniumhq/selenium/selenium-api/3.141.59/selenium-api-3.141.59.jar:/Users/ibrahimdemir/.m2/repository/org/seleniumhq/selenium/selenium-chrome-driver/3.141.59/selenium-chrome-driver-3.141.59.jar:/Users/ibrahimdemir/.m2/repository/org/seleniumhq/selenium/selenium-edge-driver/3.141.59/selenium-edge-driver-3.141.59.jar:/Users/ibrahimdemir/.m2/repository/org/seleniumhq/selenium/selenium-firefox-driver/3.141.59/selenium-firefox-driver-3.141.59.jar:/Users/ibrahimdemir/.m2/repository/org/seleniumhq/selenium/selenium-ie-driver/3.141.59/selenium-ie-driver-3.141.59.jar:/Users/ibrahimdemir/.m2/repository/org/seleniumhq/selenium/selenium-opera-driver/3.141.59/selenium-opera-driver-3.141.59.jar:/Users/ibrahimdemir/.m2/repository/org/seleniumhq/selenium/selenium-remote-driver/3.141.59/selenium-remote-driver-3.141.59.jar:/Users/ibrahimdemir/.m2/repository/org/seleniumhq/selenium/selenium-safari-driver/3.141.59/selenium-safari-driver-3.141.59.jar:/Users/ibrahimdemir/.m2/repository/org/seleniumhq/selenium/selenium-support/3.141.59/selenium-support-3.141.59.jar:/Users/ibrahimdemir/.m2/repository/net/bytebuddy/byte-buddy/1.8.15/byte-buddy-1.8.15.jar:/Users/ibrahimdemir/.m2/repository/org/apache/commons/commons-exec/1.3/commons-exec-1.3.jar:/Users/ibrahimdemir/.m2/repository/com/google/guava/guava/25.0-jre/guava-25.0-jre.jar:/Users/ibrahimdemir/.m2/repository/com/google/code/findbugs/jsr305/1.3.9/jsr305-1.3.9.jar:/Users/ibrahimdemir/.m2/repository/org/checkerframework/checker-compat-qual/2.0.0/checker-compat-qual-2.0.0.jar:/Users/ibrahimdemir/.m2/repository/com/google/errorprone/error_prone_annotations/2.1.3/error_prone_annotations-2.1.3.jar:/Users/ibrahimdemir/.m2/repository/com/google/j2objc/j2objc-annotations/1.1/j2objc-annotations-1.1.jar:/Users/ibrahimdemir/.m2/repository/org/codehaus/mojo/animal-sniffer-annotations/1.14/animal-sniffer-annotations-1.14.jar:/Users/ibrahimdemir/.m2/repository/com/squareup/okhttp3/okhttp/3.11.0/okhttp-3.11.0.jar:/Users/ibrahimdemir/.m2/repository/com/squareup/okio/okio/1.14.0/okio-1.14.0.jar:/Users/ibrahimdemir/.m2/repository/io/github/bonigarcia/webdrivermanager/4.2.2/webdrivermanager-4.2.2.jar:/Users/ibrahimdemir/.m2/repository/org/slf4j/slf4j-api/1.7.30/slf4j-api-1.7.30.jar:/Users/ibrahimdemir/.m2/repository/commons-io/commons-io/2.8.0/commons-io-2.8.0.jar:/Users/ibrahimdemir/.m2/repository/com/google/code/gson/gson/2.8.6/gson-2.8.6.jar:/Users/ibrahimdemir/.m2/repository/org/apache/commons/commons-lang3/3.11/commons-lang3-3.11.jar:/Users/ibrahimdemir/.m2/repository/org/apache/httpcomponents/client5/httpclient5/5.0.1/httpclient5-5.0.1.jar:/Users/ibrahimdemir/.m2/repository/org/apache/httpcomponents/core5/httpcore5/5.0.1/httpcore5-5.0.1.jar:/Users/ibrahimdemir/.m2/repository/org/apache/httpcomponents/core5/httpcore5-h2/5.0.1/httpcore5-h2-5.0.1.jar:/Users/ibrahimdemir/.m2/repository/commons-codec/commons-codec/1.13/commons-codec-1.13.jar:/Users/ibrahimdemir/.m2/repository/org/rauschig/jarchivelib/1.1.0/jarchivelib-1.1.0.jar:/Users/ibrahimdemir/.m2/repository/org/apache/commons/commons-compress/1.20/commons-compress-1.20.jar:/Users/ibrahimdemir/.m2/repository/org/jsoup/jsoup/1.13.1/jsoup-1.13.1.jar:"/>
    <property name="java.vm.vendor" value="Oracle Corporation"/>
    <property name="sun.arch.data.model" value="64"/>
    <property name="java.vendor.url" value="https://java.oracle.com/"/>
    <property name="os.name" value="Mac OS X"/>
    <property name="java.vm.specification.version" value="14"/>
    <property name="sun.java.launcher" value="SUN_STANDARD"/>
    <property name="user.country" value="US"/>
    <property name="sun.boot.library.path" value="/Library/Java/JavaVirtualMachines/jdk-14.0.1.jdk/Contents/Home/lib"/>
    <property name="sun.java.command" value="/Users/ibrahimdemir/IdeaProjects/CucumberPractice/target/surefire/surefirebooter10066968803931839115.jar /Users/ibrahimdemir/IdeaProjects/CucumberPractice/target/surefire 2020-11-11T23-47-24_186-jvmRun1 surefire12749832907560316271tmp surefire_012469412033357213231tmp"/>
    <property name="http.nonProxyHosts" value="local|*.local|169.254/16|*.169.254/16"/>
    <property name="jdk.debug" value="release"/>
    <property name="surefire.test.class.path" value="/Users/ibrahimdemir/IdeaProjects/CucumberPractice/target/test-classes:/Users/ibrahimdemir/IdeaProjects/CucumberPractice/target/classes:/Users/ibrahimdemir/.m2/repository/io/cucumber/cucumber-java/6.8.2/cucumber-java-6.8.2.jar:/Users/ibrahimdemir/.m2/repository/io/cucumber/cucumber-core/6.8.2/cucumber-core-6.8.2.jar:/Users/ibrahimdemir/.m2/repository/io/cucumber/cucumber-gherkin/6.8.2/cucumber-gherkin-6.8.2.jar:/Users/ibrahimdemir/.m2/repository/io/cucumber/cucumber-gherkin-messages/6.8.2/cucumber-gherkin-messages-6.8.2.jar:/Users/ibrahimdemir/.m2/repository/io/cucumber/messages/13.1.0/messages-13.1.0.jar:/Users/ibrahimdemir/.m2/repository/io/cucumber/tag-expressions/3.0.0/tag-expressions-3.0.0.jar:/Users/ibrahimdemir/.m2/repository/io/cucumber/cucumber-expressions/10.3.0/cucumber-expressions-10.3.0.jar:/Users/ibrahimdemir/.m2/repository/io/cucumber/datatable/3.5.0/datatable-3.5.0.jar:/Users/ibrahimdemir/.m2/repository/io/cucumber/cucumber-plugin/6.8.2/cucumber-plugin-6.8.2.jar:/Users/ibrahimdemir/.m2/repository/io/cucumber/docstring/6.8.2/docstring-6.8.2.jar:/Users/ibrahimdemir/.m2/repository/io/cucumber/html-formatter/9.0.0/html-formatter-9.0.0.jar:/Users/ibrahimdemir/.m2/repository/io/cucumber/create-meta/2.0.4/create-meta-2.0.4.jar:/Users/ibrahimdemir/.m2/repository/org/apiguardian/apiguardian-api/1.1.0/apiguardian-api-1.1.0.jar:/Users/ibrahimdemir/.m2/repository/io/cucumber/cucumber-junit/6.8.2/cucumber-junit-6.8.2.jar:/Users/ibrahimdemir/.m2/repository/junit/junit/4.13.1/junit-4.13.1.jar:/Users/ibrahimdemir/.m2/repository/org/hamcrest/hamcrest-core/1.3/hamcrest-core-1.3.jar:/Users/ibrahimdemir/.m2/repository/org/seleniumhq/selenium/selenium-java/3.141.59/selenium-java-3.141.59.jar:/Users/ibrahimdemir/.m2/repository/org/seleniumhq/selenium/selenium-api/3.141.59/selenium-api-3.141.59.jar:/Users/ibrahimdemir/.m2/repository/org/seleniumhq/selenium/selenium-chrome-driver/3.141.59/selenium-chrome-driver-3.141.59.jar:/Users/ibrahimdemir/.m2/repository/org/seleniumhq/selenium/selenium-edge-driver/3.141.59/selenium-edge-driver-3.141.59.jar:/Users/ibrahimdemir/.m2/repository/org/seleniumhq/selenium/selenium-firefox-driver/3.141.59/selenium-firefox-driver-3.141.59.jar:/Users/ibrahimdemir/.m2/repository/org/seleniumhq/selenium/selenium-ie-driver/3.141.59/selenium-ie-driver-3.141.59.jar:/Users/ibrahimdemir/.m2/repository/org/seleniumhq/selenium/selenium-opera-driver/3.141.59/selenium-opera-driver-3.141.59.jar:/Users/ibrahimdemir/.m2/repository/org/seleniumhq/selenium/selenium-remote-driver/3.141.59/selenium-remote-driver-3.141.59.jar:/Users/ibrahimdemir/.m2/repository/org/seleniumhq/selenium/selenium-safari-driver/3.141.59/selenium-safari-driver-3.141.59.jar:/Users/ibrahimdemir/.m2/repository/org/seleniumhq/selenium/selenium-support/3.141.59/selenium-support-3.141.59.jar:/Users/ibrahimdemir/.m2/repository/net/bytebuddy/byte-buddy/1.8.15/byte-buddy-1.8.15.jar:/Users/ibrahimdemir/.m2/repository/org/apache/commons/commons-exec/1.3/commons-exec-1.3.jar:/Users/ibrahimdemir/.m2/repository/com/google/guava/guava/25.0-jre/guava-25.0-jre.jar:/Users/ibrahimdemir/.m2/repository/com/google/code/findbugs/jsr305/1.3.9/jsr305-1.3.9.jar:/Users/ibrahimdemir/.m2/repository/org/checkerframework/checker-compat-qual/2.0.0/checker-compat-qual-2.0.0.jar:/Users/ibrahimdemir/.m2/repository/com/google/errorprone/error_prone_annotations/2.1.3/error_prone_annotations-2.1.3.jar:/Users/ibrahimdemir/.m2/repository/com/google/j2objc/j2objc-annotations/1.1/j2objc-annotations-1.1.jar:/Users/ibrahimdemir/.m2/repository/org/codehaus/mojo/animal-sniffer-annotations/1.14/animal-sniffer-annotations-1.14.jar:/Users/ibrahimdemir/.m2/repository/com/squareup/okhttp3/okhttp/3.11.0/okhttp-3.11.0.jar:/Users/ibrahimdemir/.m2/repository/com/squareup/okio/okio/1.14.0/okio-1.14.0.jar:/Users/ibrahimdemir/.m2/repository/io/github/bonigarcia/webdrivermanager/4.2.2/webdrivermanager-4.2.2.jar:/Users/ibrahimdemir/.m2/repository/org/slf4j/slf4j-api/1.7.30/slf4j-api-1.7.30.jar:/Users/ibrahimdemir/.m2/repository/commons-io/commons-io/2.8.0/commons-io-2.8.0.jar:/Users/ibrahimdemir/.m2/repository/com/google/code/gson/gson/2.8.6/gson-2.8.6.jar:/Users/ibrahimdemir/.m2/repository/org/apache/commons/commons-lang3/3.11/commons-lang3-3.11.jar:/Users/ibrahimdemir/.m2/repository/org/apache/httpcomponents/client5/httpclient5/5.0.1/httpclient5-5.0.1.jar:/Users/ibrahimdemir/.m2/repository/org/apache/httpcomponents/core5/httpcore5/5.0.1/httpcore5-5.0.1.jar:/Users/ibrahimdemir/.m2/repository/org/apache/httpcomponents/core5/httpcore5-h2/5.0.1/httpcore5-h2-5.0.1.jar:/Users/ibrahimdemir/.m2/repository/commons-codec/commons-codec/1.13/commons-codec-1.13.jar:/Users/ibrahimdemir/.m2/repository/org/rauschig/jarchivelib/1.1.0/jarchivelib-1.1.0.jar:/Users/ibrahimdemir/.m2/repository/org/apache/commons/commons-compress/1.20/commons-compress-1.20.jar:/Users/ibrahimdemir/.m2/repository/org/jsoup/jsoup/1.13.1/jsoup-1.13.1.jar:"/>
    <property name="sun.cpu.endian" value="little"/>
    <property name="user.home" value="/Users/ibrahimdemir"/>
    <property name="user.language" value="en"/>
    <property name="java.specification.vendor" value="Oracle Corporation"/>
    <property name="java.version.date" value="2020-04-14"/>
    <property name="java.home" value="/Library/Java/JavaVirtualMachines/jdk-14.0.1.jdk/Contents/Home"/>
    <property name="file.separator" value="/"/>
    <property name="basedir" value="/Users/ibrahimdemir/IdeaProjects/CucumberPractice"/>
    <property name="java.vm.compressedOopsMode" value="Zero based"/>
    <property name="line.separator" value="&#10;"/>
    <property name="java.specification.name" value="Java Platform API Specification"/>
    <property name="java.vm.specification.vendor" value="Oracle Corporation"/>
    <property name="surefire.real.class.path" value="/Users/ibrahimdemir/IdeaProjects/CucumberPractice/target/surefire/surefirebooter10066968803931839115.jar"/>
    <property name="sun.management.compiler" value="HotSpot 64-Bit Tiered Compilers"/>
    <property name="ftp.nonProxyHosts" value="local|*.local|169.254/16|*.169.254/16"/>
    <property name="java.runtime.version" value="14.0.1+7"/>
    <property name="user.name" value="ibrahimdemir"/>
    <property name="path.separator" value=":"/>
    <property name="os.version" value="10.15.7"/>
    <property name="java.runtime.name" value="Java(TM) SE Runtime Environment"/>
    <property name="file.encoding" value="UTF-8"/>
    <property name="java.vm.name" value="Java HotSpot(TM) 64-Bit Server VM"/>
    <property name="localRepository" value="/Users/ibrahimdemir/.m2/repository"/>
    <property name="java.vendor.url.bug" value="https://bugreport.java.com/bugreport/"/>
    <property name="java.io.tmpdir" value="/var/folders/n_/8q4wwnds745dvh7pcq686qnr0000gn/T/"/>
    <property name="idea.version" value="2020.2.3"/>
    <property name="java.version" value="14.0.1"/>
    <property name="user.dir" value="/Users/ibrahimdemir/IdeaProjects/CucumberPractice"/>
    <property name="os.arch" value="x86_64"/>
    <property name="java.vm.specification.name" value="Java Virtual Machine Specification"/>
    <property name="java.library.path" value="/Users/ibrahimdemir/Library/Java/Extensions:/Library/Java/Extensions:/Network/Library/Java/Extensions:/System/Library/Java/Extensions:/usr/lib/java:."/>
    <property name="java.vm.info" value="mixed mode, sharing"/>
    <property name="java.vendor" value="Oracle Corporation"/>
    <property name="java.vm.version" value="14.0.1+7"/>
    <property name="sun.io.unicode.encoding" value="UnicodeBig"/>
    <property name="socksNonProxyHosts" value="local|*.local|169.254/16|*.169.254/16"/>
    <property name="java.class.version" value="58.0"/>
  </properties>
  <testcase name="Login as a store manager" classname="Login" time="0.303">
    <system-out><![CDATA[Login as a store manager
Before beginning executing the test scenario
Special hook before
I am on the login page
Trying to login as a store manager
I am able to see that page title is on Dashboard
After executing the test scenario
special hook after
]]></system-out>
  </testcase>
  <testcase name="Login as a sales manager" classname="Login" time="0.008">
    <system-out><![CDATA[Login as a sales manager
Before beginning executing the test scenario
I am on the login page
Trying to log in as a sales manager
I am able to see that page title is on Dashboard
After executing the test scenario
]]></system-out>
  </testcase>
  <testcase name="Login as a driver" classname="Login" time="0.009">
    <system-out><![CDATA[Login as a driver
Before beginning executing the test scenario
I am on the login page
Trying to log in as a driver
I am able to see that page title is on Dashboard
After executing the test scenario
]]></system-out>
  </testcase>
  <testcase name="Login with different credentials as user10" classname="Login" time="0.017">
    <system-out><![CDATA[Login with different credentials as user10
Before beginning executing the test scenario
Enter username user10, and password UserUser123 to login
I am able to see that page title is on Dashboard
After executing the test scenario
]]></system-out>
  </testcase>
  <testcase name="Login with different credentials as user15" classname="Login" time="0.009">
    <system-out><![CDATA[Login with different credentials as user15
Before beginning executing the test scenario
Enter username user15, and password UserUser123 to login
I am able to see that page title is on Dashboard
After executing the test scenario
]]></system-out>
  </testcase>
  <testcase name="Login with different credentials as user22" classname="Login" time="0.011">
    <system-out><![CDATA[Login with different credentials as user22
Before beginning executing the test scenario
Enter username user22, and password UserUser123 to login
I am able to see that page title is on Dashboard
After executing the test scenario
]]></system-out>
  </testcase>
  <testcase name="Login with different credentials as user110" classname="Login" time="0.028">
    <system-out><![CDATA[Login with different credentials as user110
Before beginning executing the test scenario
Enter username user110, and password UserUser123 to login
I am able to see that page title is on Dashboard
After executing the test scenario
]]></system-out>
  </testcase>
  <testcase name="Login with different credentials as storemanager85" classname="Login" time="0.012">
    <system-out><![CDATA[Login with different credentials as storemanager85
Before beginning executing the test scenario
Enter username storemanager85, and password UserUser123 to login
I am able to see that page title is on Dashboard
After executing the test scenario
]]></system-out>
  </testcase>
  <testcase name="Login with different credentials as storemanager120" classname="Login" time="0.008">
    <system-out><![CDATA[Login with different credentials as storemanager120
Before beginning executing the test scenario
Enter username storemanager120, and password UserUser123 to login
I am able to see that page title is on Dashboard
After executing the test scenario
]]></system-out>
  </testcase>
  <testcase name="Login with different credentials as storemanager56" classname="Login" time="0.007">
    <system-out><![CDATA[Login with different credentials as storemanager56
Before beginning executing the test scenario
Enter username storemanager56, and password UserUser123 to login
I am able to see that page title is on Dashboard
After executing the test scenario
]]></system-out>
  </testcase>
  <testcase name="Create a vehicle" classname="Create vehicle" time="0.021">
    <system-out><![CDATA[Create a vehicle
Before beginning executing the test scenario
User is on  the landing page
User enters storemanager85 username and UserUser123 password
User navigates to Fleet tab and Vehicles module
User clicks on the create car button
Driver: SDET
Location: Tampa
After executing the test scenario
]]></system-out>
  </testcase>
</testsuite>